// Anime

// AniList
anilibria.tv
anilibria.uno

// AniStars
anistar.org
anistars.ru

// Lib
mangalib.me
slashlib.me
hentailib.me
ranobelib.me
anilib.me

// Manga / Comics
bato.to
mangapark.net
mangadex.org
mangahub.ru
ficbook.net
yaoi-chan.me

// Visual Novels / Dorama
vndb.org
dorama.live
doramy.club
mydoramy.club
doramaslive.ru

// Other anime
crunchyroll.com
animego.org
animebest.org
animedia.tv
amedia.site
yummyani.me
kara.su
sovetromantica.com
adultmult.tv
animespirit.ru
jut.su
anilibria.tv
kemono.su
anime-portal.su
animaunt.org
shiza-project.com