// Smart Home

// Xiaomi
xiaomi.com
mi.com
xiaomi.net

api.io.mi.com
de.api.io.mi.com
us.api.io.mi.com
ru.api.io.mi.com
sg.api.io.mi.com
api2.io.mi.com
ott.io.mi.com

home.mi.com
mihome.io
app.market.xiaomi.com

account.xiaomi.com
account.xiaomi.net
id.mi.com
oauth.account.xiaomi.com

msg.xiaomi.net

mistat.xiaomi.com
data.mistat.xiaomi.com
tracking.miui.com
sdkconfig.ad.xiaomi.com

cdn.cnbj1.fds.api.mi-img.com
cdn.awsde0-fusion.fds.api.mi-img.com
cdn.awsusor0.fds.api.mi-img.com
api.fds.api.xiaomi.com

mi-img.com
miui.com
