// Movie

// Youtube
youtube.com
ytimg.com
yting.com
ggpht.com
googlevideo.com
youtubekids.com
youtu.be
youtube-nocookie.com
wide-youtube.l.google.com
ytimg.l.google.com
youtubei.googleapis.com
youtubeembeddedplayer.googleapis.com
youtube-ui.l.google.com
yt-video-upload.l.google.com
jnn-pa.googleapis.com
returnyoutubedislikeapi.com

// HDrezka
hdrezka.ag
hdrezka.ac
hdrezka.me
hd-rezka.tv
voidboost.cc
rezka.ag
rezka.my
rezkify.com
rezka-ua.in

// Netflix
fast.com
netflix.ca
netflix.com
netflix.net
netflixinvestor.com
netflixtechblog.com
nflxext.com
nflximg.com
nflximg.net
nflxsearch.net
nflxso.net
nflxvideo.net

// TMDB
theaudiodb.com
themoviedb.org
tmdb.org
tmdb.com
image.tmdb.org
api.themoviedb.org
tmdb-image-prod.b-cdn.net

// Disney+
disneyplus.com
hbomax.com

// Other
cub.red
max.com